source/end/StorageDemo/storageDemo/build/outputs/apk/manifest-merger-debug-report.txt
-- Merging decision tree log ---
manifest
ADDED from AndroidManifest.xml:2:1
	package
		ADDED from AndroidManifest.xml:3:5
		INJECTED from AndroidManifest.xml:0:0
		INJECTED from AndroidManifest.xml:0:0
	android:versionName
		ADDED from AndroidManifest.xml:5:5
	android:versionCode
		ADDED from AndroidManifest.xml:4:5
		INJECTED from AndroidManifest.xml:0:0
		INJECTED from AndroidManifest.xml:0:0
	xmlns:android
		ADDED from AndroidManifest.xml:2:11
uses-sdk
ADDED from AndroidManifest.xml:7:5
	android:targetSdkVersion
		ADDED from AndroidManifest.xml:9:9
		INJECTED from AndroidManifest.xml:0:0
		INJECTED from AndroidManifest.xml:0:0
	android:minSdkVersion
		ADDED from AndroidManifest.xml:8:9
		INJECTED from AndroidManifest.xml:0:0
		INJECTED from AndroidManifest.xml:0:0
uses-permission#android.permission.INTERNET
ADDED from AndroidManifest.xml:11:5
	android:name
		ADDED from AndroidManifest.xml:11:22
application
ADDED from AndroidManifest.xml:13:5
	android:label
		ADDED from AndroidManifest.xml:17:9
	android:allowBackup
		ADDED from AndroidManifest.xml:15:9
	android:icon
		ADDED from AndroidManifest.xml:16:9
	android:theme
		ADDED from AndroidManifest.xml:18:9
	android:name
		ADDED from AndroidManifest.xml:14:9
activity#com.msdpe.storagedemo.MainActivity
ADDED from AndroidManifest.xml:19:9
	android:label
		ADDED from AndroidManifest.xml:21:13
	android:name
		ADDED from AndroidManifest.xml:20:13
intent-filter#android.intent.action.MAIN+android.intent.category.LAUNCHER
ADDED from AndroidManifest.xml:22:13
action#android.intent.action.MAIN
ADDED from AndroidManifest.xml:23:17
	android:name
		ADDED from AndroidManifest.xml:23:25
category#android.intent.category.LAUNCHER
ADDED from AndroidManifest.xml:25:17
	android:name
		ADDED from AndroidManifest.xml:25:27
activity#com.msdpe.storagedemo.TablesActivity
ADDED from AndroidManifest.xml:28:9
	android:label
		ADDED from AndroidManifest.xml:30:13
	android:parentActivityName
		ADDED from AndroidManifest.xml:31:13
	android:name
		ADDED from AndroidManifest.xml:29:13
meta-data#android.support.PARENT_ACTIVITY
ADDED from AndroidManifest.xml:32:13
	android:value
		ADDED from AndroidManifest.xml:34:17
	android:name
		ADDED from AndroidManifest.xml:33:17
intent-filter#tables.loaded
ADDED from AndroidManifest.xml:36:13
action#tables.loaded
ADDED from AndroidManifest.xml:37:17
	android:name
		ADDED from AndroidManifest.xml:37:25
activity#com.msdpe.storagedemo.TableRowsActivity
ADDED from AndroidManifest.xml:41:9
	android:parentActivityName
		ADDED from AndroidManifest.xml:43:13
	android:name
		ADDED from AndroidManifest.xml:42:13
intent-filter#tablerows.loaded
ADDED from AndroidManifest.xml:48:13
action#tablerows.loaded
ADDED from AndroidManifest.xml:49:17
	android:name
		ADDED from AndroidManifest.xml:49:25
activity#com.msdpe.storagedemo.EditTableRowActivity
ADDED from AndroidManifest.xml:53:9
	android:label
		ADDED from AndroidManifest.xml:55:13
	android:parentActivityName
		ADDED from AndroidManifest.xml:56:13
	android:name
		ADDED from AndroidManifest.xml:54:13
activity#com.msdpe.storagedemo.ContainersActivity
ADDED from AndroidManifest.xml:61:9
	android:label
		ADDED from AndroidManifest.xml:63:13
	android:parentActivityName
		ADDED from AndroidManifest.xml:64:13
	android:name
		ADDED from AndroidManifest.xml:62:13
intent-filter#containers.loaded
ADDED from AndroidManifest.xml:69:13
action#containers.loaded
ADDED from AndroidManifest.xml:70:17
	android:name
		ADDED from AndroidManifest.xml:70:25
activity#com.msdpe.storagedemo.BlobsActivity
ADDED from AndroidManifest.xml:74:9
	android:label
		ADDED from AndroidManifest.xml:76:13
	android:parentActivityName
		ADDED from AndroidManifest.xml:77:13
	android:name
		ADDED from AndroidManifest.xml:75:13
intent-filter#blob.created+blobs.loaded
ADDED from AndroidManifest.xml:82:13
action#blobs.loaded
ADDED from AndroidManifest.xml:83:17
	android:name
		ADDED from AndroidManifest.xml:83:25
action#blob.created
ADDED from AndroidManifest.xml:85:17
	android:name
		ADDED from AndroidManifest.xml:85:25
activity#com.msdpe.storagedemo.BlobDetailsActivity
ADDED from AndroidManifest.xml:89:9
	android:label
		ADDED from AndroidManifest.xml:91:13
	android:parentActivityName
		ADDED from AndroidManifest.xml:92:13
	android:name
		ADDED from AndroidManifest.xml:90:13
intent-filter#blob.loaded
ADDED from AndroidManifest.xml:97:13
action#blob.loaded
ADDED from AndroidManifest.xml:98:17
	android:name
		ADDED from AndroidManifest.xml:98:25